<?xml version="1.0" encoding="UTF-8"?>
<testng-results ignored="0" total="1" passed="1" failed="0" skipped="0">
  <reporter-output>
  </reporter-output>
  <suite started-at="2023-05-18T11:22:24 BST" name="Default suite" finished-at="2023-05-18T11:22:28 BST" duration-ms="3909">
    <groups>
    </groups>
    <test started-at="2023-05-18T11:22:24 BST" name="Default test" finished-at="2023-05-18T11:22:28 BST" duration-ms="3909">
      <class name="testScripts.DemoLoginTest">
        <test-method signature="test()[pri:0, instance:testScripts.DemoLoginTest@670002]" started-at="2023-05-18T11:22:24 BST" name="test" finished-at="2023-05-18T11:22:28 BST" duration-ms="3871" status="PASS">
          <reporter-output>
          </reporter-output>
        </test-method> <!-- test -->
      </class> <!-- testScripts.DemoLoginTest -->
    </test> <!-- Default test -->
  </suite> <!-- Default suite -->
</testng-results>
